This is pdfTeX, Version 3.1415926-2.4-1.40.13 (TeX Live 2012/Arch Linux) (format=latex 2013.3.25)  11 APR 2013 15:29
entering extended mode
 restricted \write18 enabled.
 %&-line parsing enabled.
**chargedscalar.tex
(./chargedscalar.tex
LaTeX2e <2011/06/27>
Babel <v3.8m> and hyphenation patterns for english, dumylang, nohyphenation, ge
rman-x-2012-05-30, ngerman-x-2012-05-30, afrikaans, ancientgreek, ibycus, arabi
c, armenian, basque, bulgarian, catalan, pinyin, coptic, croatian, czech, danis
h, dutch, ukenglish, usenglishmax, esperanto, estonian, ethiopic, farsi, finnis
h, french, friulan, galician, german, ngerman, swissgerman, monogreek, greek, h
ungarian, icelandic, assamese, bengali, gujarati, hindi, kannada, malayalam, ma
rathi, oriya, panjabi, tamil, telugu, indonesian, interlingua, irish, italian, 
kurmanji, latin, latvian, lithuanian, mongolian, mongolianlmc, bokmal, nynorsk,
 polish, portuguese, romanian, romansh, russian, sanskrit, serbian, serbianc, s
lovak, slovenian, spanish, swedish, turkish, turkmen, ukrainian, uppersorbian, 
welsh, loaded.
(./revtex4-1.cls
Document Class: revtex4-1 2010/07/25/20:33:00 4.1r (http://publish.aps.org/revt
ex4/ for documentation)
 Copyright (c) 2009 The American Physical Society.
 mailto:revtex@aps.org
 Licensed under the LPPL:
http://www.ctan.org/tex-archive/macros/latex/base/lppl.txt
 Arthur Ogawa <arthur_ogawa at sbcglobal dot net>
 Based on work by David Carlisle <david at dcarlisle.demon.co.uk>.
ltxutil[2010/07/25/20:33:00 4.1r utilities package (portions licensed from W. E
. Baxter web at superscript.com)]
LaTeX Info: Redefining \@centercr on input line 308.
Class revtex4-1 Info: Repairing broken LaTeX eqnarray on input line 358.
\eqncolsep=\skip41
Class revtex4-1 Info: Repairing hyperref-unfriendly LaTeX definition of \mpfoot
note on input line 433.
Class revtex4-1 Info: Repairing broken LateX \@sect on input line 755.
\intertabularlinepenalty=\count79
\@tbpen=\count80
\@arstrutbox@hline=\box26
Class revtex4-1 Info: Repairing broken LaTeX \@xbitor on input line 1786.
Class revtex4-1 Info: Making \typeout \long on input line 2046.
ltxfront[2010/07/25/20:33:00 4.1r frontmatter package (AO,DPC)]
\c@affil=\count81
\c@collab=\count82
\absbox=\box27
ltxgrid[2010/07/25/20:33:00 4.1r page grid package (portions licensed from W. E
. Baxter web at superscript.com)]
\c@linecount=\count83
\output@latex=\toks14
\box@size@1=\box28
\box@size@2=\box29
\@protection@box=\box30
\@topmark@saved=\toks15
\footins@saved=\box31
\footins@recovered=\box32
\column@recovered=\box33
\pagesofar=\box34
\footsofar=\box35
\pagegrid@col=\count84
Class revtex4-1 Info: Overriding \@vspace, \@vspacer, \@no@pgbk, \@newline, and
 \\  on input line 5578.
\c@part=\count85
\c@section=\count86
\c@subsection=\count87
\c@subsubsection=\count88
\c@paragraph=\count89
\c@subparagraph=\count90
\abovecaptionskip=\skip42
\belowcaptionskip=\skip43
\c@figure=\count91
\fbox@1=\box36
\c@table=\count92
\fbox@2=\box37
\c@video=\count93
\fbox@4=\box38
\@bibdataout=\write3
\widetext@top=\box39
\widetext@bot=\box40
Class revtex4-1 Info: Selecting society aps on input line 7542.
(./aps4-1.rtx
File: aps4-1 2010/07/25/20:33:00 4.1r (http://publish.aps.org/revtex4/ for docu
mentation)
Class revtex4-1 Info: RevTeX society APS selected on input line 31.
)
Class revtex4-1 Info: Selecting journal prd on input line 7544.
Class revtex4-1 Info: APS journal PRD selected on input line 7545.


Class revtex4-1 Warning: No type size specified, using default 10.

(/usr/share/texmf-dist/tex/latex/revtex/aps10pt4-1.rtx
File: aps10pt4-1 2010/07/25/20:33:00 4.1r (http://publish.aps.org/revtex4/ for 
documentation)
Class revtex4-1 Info: RevTeX pointsize 10pt selected on input line 30.
)
(/usr/share/texmf-dist/tex/latex/textcase/textcase.sty
Package: textcase 2004/10/07 v0.07 Text only upper/lower case changing (DPC)
)
(/usr/share/texmf-dist/tex/latex/amsmath/amsmath.sty
Package: amsmath 2000/07/18 v2.13 AMS math features
\@mathmargin=\skip44

For additional information on amsmath, use the `?' option.
(/usr/share/texmf-dist/tex/latex/amsmath/amstext.sty
Package: amstext 2000/06/29 v2.01

(/usr/share/texmf-dist/tex/latex/amsmath/amsgen.sty
File: amsgen.sty 1999/11/30 v2.0
\@emptytoks=\toks16
\ex@=\dimen102
)
LaTeX Info: Redefining \text on input line 53.
)
(/usr/share/texmf-dist/tex/latex/amsmath/amsbsy.sty
Package: amsbsy 1999/11/29 v1.2d
\pmbraise@=\dimen103
)
(/usr/share/texmf-dist/tex/latex/amsmath/amsopn.sty
Package: amsopn 1999/12/14 v2.01 operator names
)
\inf@bad=\count94
LaTeX Info: Redefining \frac on input line 211.
\uproot@=\count95
\leftroot@=\count96
LaTeX Info: Redefining \overline on input line 307.
\classnum@=\count97
\DOTSCASE@=\count98
LaTeX Info: Redefining \ldots on input line 379.
LaTeX Info: Redefining \dots on input line 382.
LaTeX Info: Redefining \cdots on input line 467.
\Mathstrutbox@=\box41
\strutbox@=\box42
\big@size=\dimen104
LaTeX Font Info:    Redeclaring font encoding OML on input line 567.
LaTeX Font Info:    Redeclaring font encoding OMS on input line 568.
\macc@depth=\count99
\c@MaxMatrixCols=\count100
\dotsspace@=\muskip10
\c@parentequation=\count101
\dspbrk@lvl=\count102
\tag@help=\toks17
\row@=\count103
\column@=\count104
\maxfields@=\count105
\andhelp@=\toks18
\eqnshift@=\dimen105
\alignsep@=\dimen106
\tagshift@=\dimen107
\tagwidth@=\dimen108
\totwidth@=\dimen109
\lineht@=\dimen110
\@envbody=\toks19
\multlinegap=\skip45
\multlinetaggap=\skip46
\mathdisplay@stack=\toks20
LaTeX Info: Redefining \[ on input line 2666.
LaTeX Info: Redefining \] on input line 2667.
)
(/usr/share/texmf-dist/tex/latex/url/url.sty
\Urlmuskip=\muskip11
Package: url 2006/04/12  ver 3.3  Verb mode for urls, etc.
)
(/usr/share/texmf-dist/tex/latex/natbib/natbib.sty
Package: natbib 2010/09/13 8.31b (PWD, AO)
\bibhang=\skip47
\bibsep=\skip48
LaTeX Info: Redefining \cite on input line 694.
\c@NAT@ctr=\count106
)
Class revtex4-1 Info: Repairing natbib's \BibitemShut on input line 7549.
 (./revsymb4-1.sty
Package: revsymb4-1 2010/07/25/20:33:00 4.1r (http://publish.aps.org/revtex4/ f
or documentation)
LaTeX Info: Redefining \REV@mathfrak on input line 119.
))
(/usr/share/texmf-dist/tex/latex/amsfonts/amssymb.sty
Package: amssymb 2009/06/22 v3.00

(/usr/share/texmf-dist/tex/latex/amsfonts/amsfonts.sty
Package: amsfonts 2009/06/22 v3.00 Basic AMSFonts support
\symAMSa=\mathgroup4
\symAMSb=\mathgroup5
LaTeX Font Info:    Overwriting math alphabet `\mathfrak' in version `bold'
(Font)                  U/euf/m/n --> U/euf/b/n on input line 96.
LaTeX Info: Redefining \frak on input line 99.
LaTeX Info: Redefining \Bbb on input line 101.
))
(/usr/share/texmf-dist/tex/latex/tools/verbatim.sty
Package: verbatim 2003/08/22 v1.5q LaTeX2e package for verbatim enhancements
\every@verbatim=\toks21
\verbatim@line=\toks22
\verbatim@in@stream=\read1
)
(/usr/share/texmf-dist/tex/latex/jknapltx/mathrsfs.sty
Package: mathrsfs 1996/01/01 Math RSFS package v1.0 (jk)
\symrsfs=\mathgroup6
)
(/usr/share/texmf-dist/tex/latex/base/latexsym.sty
Package: latexsym 1998/08/17 v2.2e Standard LaTeX package (lasy symbols)
\symlasy=\mathgroup7
LaTeX Font Info:    Overwriting symbol font `lasy' in version `bold'
(Font)                  U/lasy/m/n --> U/lasy/b/n on input line 47.
)
(/usr/share/texmf-dist/tex/latex/graphics/epsfig.sty
Package: epsfig 1999/02/16 v1.7a (e)psfig emulation (SPQR)

(/usr/share/texmf-dist/tex/latex/graphics/graphicx.sty
Package: graphicx 1999/02/16 v1.0f Enhanced LaTeX Graphics (DPC,SPQR)

(/usr/share/texmf-dist/tex/latex/graphics/keyval.sty
Package: keyval 1999/03/16 v1.13 key=value parser (DPC)
\KV@toks@=\toks23
)
(/usr/share/texmf-dist/tex/latex/graphics/graphics.sty
Package: graphics 2009/02/05 v1.0o Standard LaTeX Graphics (DPC,SPQR)

(/usr/share/texmf-dist/tex/latex/graphics/trig.sty
Package: trig 1999/03/16 v1.09 sin cos tan (DPC)
)
(/usr/share/texmf-dist/tex/latex/latexconfig/graphics.cfg
File: graphics.cfg 2010/04/23 v1.9 graphics configuration of TeX Live
)
Package graphics Info: Driver file: dvips.def on input line 91.

(/usr/share/texmf-dist/tex/latex/graphics/dvips.def
File: dvips.def 1999/02/16 v3.0i Driver-dependant file (DPC,SPQR)
))
\Gin@req@height=\dimen111
\Gin@req@width=\dimen112
)
\epsfxsize=\dimen113
\epsfysize=\dimen114
)
(/usr/share/texmf-dist/tex/latex/graphics/color.sty
Package: color 2005/11/14 v1.0j Standard LaTeX Color (DPC)

(/usr/share/texmf-dist/tex/latex/latexconfig/color.cfg
File: color.cfg 2007/01/18 v1.5 color configuration of teTeX/TeXLive
)
Package color Info: Driver file: dvips.def on input line 130.

(/usr/share/texmf-dist/tex/latex/graphics/dvipsnam.def
File: dvipsnam.def 1999/02/16 v3.0i Driver-dependant file (DPC,SPQR)
))
(/usr/share/texmf-dist/tex/latex/units/units.sty
Package: units 1998/08/04 v0.9b Typesetting units

(/usr/share/texmf-dist/tex/latex/base/ifthen.sty
Package: ifthen 2001/05/26 v1.1c Standard LaTeX ifthen package (DPC)
)
(/usr/share/texmf-dist/tex/latex/units/nicefrac.sty
Package: nicefrac 1998/08/04 v0.9b Nice fractions
\L@UnitsRaiseDisplaystyle=\skip49
\L@UnitsRaiseTextstyle=\skip50
\L@UnitsRaiseScriptstyle=\skip51
)) (./slashbox.sty
slashbox style by K.Yasuoka, May 1993.
\@slashboxa=\box43
\@slashboxb=\box44
\@slashboxc=\box45
\@slashboxwd=\count107
\@slashboxht=\count108
\@slashsepl=\dimen115
\@slashsepr=\dimen116
) (/usr/share/texmf-dist/tex/latex/caption/caption.sty
Package: caption 2012/02/19 v3.2f Customizing captions (AR)

(/usr/share/texmf-dist/tex/latex/caption/caption3.sty
Package: caption3 2012/01/12 v1.4b caption3 kernel (AR)
\captionmargin=\dimen117
\captionmargin@=\dimen118
\captionwidth=\dimen119
\caption@indent=\dimen120
\caption@parindent=\dimen121
\caption@hangindent=\dimen122
Package caption Info: Unknown document class (or package),
(caption)             standard defaults will be used.
)

Package caption Warning: Unsupported document class (or package) detected,
(caption)                usage of the caption package is not recommended.
See the caption package documentation for explanation.

Package caption Info: \@makecaption = \long macro:#1#2->\par \vskip \abovecapti
onskip \begingroup \small \rmfamily \sbox \@tempboxa {\let \\\heading@cr \@make
@capt@title {#1}{#2}}\@ifdim {\wd \@tempboxa >\hsize }{\begingroup \samepage \f
lushing \let \footnote \@footnotemark@gobble \@make@capt@title {#1}{#2}\par \en
dgroup }{\global \@minipagefalse \hb@xt@ \hsize {\hfil \unhbox \@tempboxa \hfil
 }}\endgroup \vskip \belowcaptionskip .
\c@ContinuedFloat=\count109
) (/usr/share/texmf-dist/tex/latex/caption/subcaption.sty
Package: subcaption 2012/01/12 v1.1d Sub-captions (AR)
\c@subfigure=\count110
\c@subtable=\count111
)
Class revtex4-1 Info: Patching LaTeX tabular. on input line 50.
Class revtex4-1 Info: Robustifying \LaTeX's \boldmath command on input line 50.

Class revtex4-1 Info: cite was not loaded (OK!) on input line 50.
Class revtex4-1 Info: mcite was not loaded (OK!) on input line 50.
Class revtex4-1 Info: multicol was not loaded (OK!) on input line 50.
 (./chargedscalar.aux)
\openout1 = `chargedscalar.aux'.

LaTeX Font Info:    Checking defaults for OML/cmm/m/it on input line 50.
LaTeX Font Info:    ... okay on input line 50.
LaTeX Font Info:    Checking defaults for T1/cmr/m/n on input line 50.
LaTeX Font Info:    ... okay on input line 50.
LaTeX Font Info:    Checking defaults for OT1/cmr/m/n on input line 50.
LaTeX Font Info:    ... okay on input line 50.
LaTeX Font Info:    Checking defaults for OMS/cmsy/m/n on input line 50.
LaTeX Font Info:    ... okay on input line 50.
LaTeX Font Info:    Checking defaults for OMX/cmex/m/n on input line 50.
LaTeX Font Info:    ... okay on input line 50.
LaTeX Font Info:    Checking defaults for U/cmr/m/n on input line 50.
LaTeX Font Info:    ... okay on input line 50.
Package caption Info: Begin \AtBeginDocument code.
Package caption Info: End \AtBeginDocument code.
\openout3 = `chargedscalarNotes.bib'.

LaTeX Font Info:    Try loading font information for U+msa on input line 114.
 (/usr/share/texmf-dist/tex/latex/amsfonts/umsa.fd
File: umsa.fd 2009/06/22 v3.00 AMS symbols A
)
LaTeX Font Info:    Try loading font information for U+msb on input line 114.

(/usr/share/texmf-dist/tex/latex/amsfonts/umsb.fd
File: umsb.fd 2009/06/22 v3.00 AMS symbols B
)
LaTeX Font Info:    Try loading font information for U+rsfs on input line 114.

(/usr/share/texmf-dist/tex/latex/jknapltx/ursfs.fd
File: ursfs.fd 1998/03/24 rsfs font definition file (jk)
)
LaTeX Font Info:    Try loading font information for U+lasy on input line 114.

(/usr/share/texmf-dist/tex/latex/base/ulasy.fd
File: ulasy.fd 1998/08/17 v2.2e LaTeX symbol font definitions
)

Package natbib Warning: Citation `Hawking:1973uf' on page 1 undefined on input 
line 133.


Package natbib Warning: Citation `Bardeen:1972fi' on page 1 undefined on input 
line 143.


Package natbib Warning: Citation `Starobinsky:1973a' on page 1 undefined on inp
ut line 143.


Package natbib Warning: Citation `Press:1972zz' on page 1 undefined on input li
ne 143.


Package natbib Warning: Citation `Christodoulou:1970wf' on page 1 undefined on 
input line 146.


Package natbib Warning: Citation `Penrose:1969pc' on page 1 undefined on input 
line 147.


Package natbib Warning: Citation `Christodoulou:1972kt' on page 1 undefined on 
input line 149.


Package natbib Warning: Citation `Bekenstein:1973ur' on page 1 undefined on inp
ut line 150.


Package natbib Warning: Citation `Bardeen:1973gs' on page 1 undefined on input 
line 150.


Package natbib Warning: Citation `Bekenstein:1973mi' on page 1 undefined on inp
ut line 157.


Package natbib Warning: Citation `Zeldovich:1971' on page 1 undefined on input 
line 166.


Package natbib Warning: Citation `Press:1972zz' on page 1 undefined on input li
ne 167.


Package natbib Warning: Citation `Cardoso:2004nk' on page 1 undefined on input 
line 169.


Package natbib Warning: Citation `Hod:2009cp' on page 1 undefined on input line
 169.


Package natbib Warning: Citation `Rosa:2009ei' on page 1 undefined on input lin
e 169.


Package natbib Warning: Citation `Pani:2012vp' on page 1 undefined on input lin
e 169.


Package natbib Warning: Citation `Witek:2010qc' on page 1 undefined on input li
ne 176.


Package natbib Warning: Citation `Furuhashi:2004jk' on page 1 undefined on inpu
t line 181.


Package natbib Warning: Citation `Hod:2012zz' on page 1 undefined on input line
 181.

[1]
File: m0.4_Q0.8_qs_w0.39.eps Graphic file (type eps)
 <m0.4_Q0.8_qs_w0.39.eps>
File: m0.4_Qs_q0.5_w0.39.eps Graphic file (type eps)
 <m0.4_Qs_q0.5_w0.39.eps>

Package natbib Warning: Citation `Burt:2011pv' on page 2 undefined on input lin
e 259.

File: ms_Q0.8_q0.5_w0.1.eps Graphic file (type eps)
<ms_Q0.8_q0.5_w0.1.eps>
File: m0.4_Q0.8_q0.5_ws.eps Graphic file (type eps)
 <m0.4_Q0.8_q0.5_ws.eps>

Package natbib Warning: Citation `Cardoso:2004nk' on page 2 undefined on input 
line 300.

[2]

LaTeX Warning: A float is stuck (cannot be placed) on input line 313.


LaTeX Warning: A float is stuck (cannot be placed) on input line 313.


Class revtex4-1 Warning: Deferred float stuck during \clearpage processing.

(./freq-plots-nolog.tex
File: I-Q-all-ratio-1.0.eps Graphic file (type eps)
 <I-Q-all-ratio-1.0.eps>
File: I-Q-all-ratio-1.2.eps Graphic file (type eps)
 <I-Q-all-ratio-1.2.eps>
Overfull \hbox (4.11108pt too wide) in paragraph at lines 3--16
 [][]  [] 
 []

File: I-Q-all-ratio-1.4.eps Graphic file (type eps)
<I-Q-all-ratio-1.4.eps>
File: I-Q-all-ratio-2.0.eps Graphic file (type eps)
 <I-Q-all-ratio-2.0.eps>
Overfull \hbox (4.11108pt too wide) in paragraph at lines 17--30
 [][]  [] 
 []

) (./freq-plots.tex
File: I-mu-0.1-Q-all-q-0.6.eps Graphic file (type eps)
 <I-mu-0.1-Q-all-q-0.6.eps>
File: I-mu-0.2-Q-all-q-0.6.eps Graphic file (type eps)
 <I-mu-0.2-Q-all-q-0.6.eps>
File: I-mu-0.3-Q-all-q-0.6.eps Graphic file (type eps)

<I-mu-0.3-Q-all-q-0.6.eps>
Overfull \hbox (11.7941pt too wide) in paragraph at lines 3--23
 [][]  []  [] 
 []

File: R-mu-0.1-Q-all-q-0.6.eps Graphic file (type eps)
<R-mu-0.1-Q-all-q-0.6.eps>
File: R-mu-0.2-Q-all-q-0.6.eps Graphic file (type eps)
 <R-mu-0.2-Q-all-q-0.6.eps>
File: R-mu-0.3-Q-all-q-0.6.eps Graphic file (type eps)

<R-mu-0.3-Q-all-q-0.6.eps>
Overfull \hbox (11.7941pt too wide) in paragraph at lines 24--44
 [][]  []  [] 
 []

) (./freq-plots2.tex
File: I-mu-0.1-Q-all-q-0.6-2.eps Graphic file (type eps)
 <I-mu-0.1-Q-all-q-0.6-2.eps>
File: I-mu-0.2-Q-all-q-0.8.eps Graphic file (type eps)
 <I-mu-0.2-Q-all-q-0.8.eps>
File: I-mu-0.3-Q-all-q-0.9.eps Graphic file (type eps)

<I-mu-0.3-Q-all-q-0.9.eps>
Overfull \hbox (11.7941pt too wide) in paragraph at lines 3--23
 [][]  []  [] 
 []

File: R-mu-0.1-Q-all-q-0.6-2.eps Graphic file (type eps)
<R-mu-0.1-Q-all-q-0.6-2.eps>
File: R-mu-0.2-Q-all-q-0.8.eps Graphic file (type eps)
 <R-mu-0.2-Q-all-q-0.8.eps>
File: R-mu-0.3-Q-all-q-0.9.eps Graphic file (type eps)

<R-mu-0.3-Q-all-q-0.9.eps>
Overfull \hbox (11.7941pt too wide) in paragraph at lines 24--44
 [][]  []  [] 
 []

) (./freq-plots-Q=1.tex
File: I-mu-0.1-Q-all-q-0.9-Q.eps Graphic file (type eps)
 <I-mu-0.1-Q-all-q-0.9-Q.eps>
File: I-mu-0.1-Q-all-q-1.5-Q.eps Graphic file (type eps)

<I-mu-0.1-Q-all-q-1.5-Q.eps>
File: I-mu-0.1-Q-all-q-2.0-Q.eps Graphic file (type eps)
 <I-mu-0.1-Q-all-q-2.0-Q.eps>
Overfull \hbox (11.7941pt too wide) in paragraph at lines 3--23
 [][]  []  [] 
 []

)
Underfull \hbox (badness 3977) in paragraph at lines 374--379
\OT1/cmr/bx/it/10 Acknowledgements. \OT1/cmr/m/n/10 This work was sup-ported
 []


Underfull \hbox (badness 8019) in paragraph at lines 374--379
\OT1/cmr/m/n/10 by the \OT1/cmr/m/it/10 NRHEP--295189 \OT1/cmr/m/n/10 FP7-PEOPL
E-2011-IRSES
 []

(./chargedscalar.bbl)

Package natbib Warning: There were undefined citations.

[3] [4] [5] [6] (./chargedscalar.aux) ) 
Here is how much of TeX's memory you used:
 5004 strings out of 493489
 69442 string characters out of 3146915
 166173 words of memory out of 3000000
 8207 multiletter control sequences out of 15000+200000
 13880 words of font info for 59 fonts, out of 3000000 for 9000
 957 hyphenation exceptions out of 8191
 36i,8n,38p,791b,497s stack positions out of 5000i,500n,10000p,200000b,50000s

Output written on chargedscalar.dvi (6 pages, 24172 bytes).
